Arguments: 
  C:\Program Files\nodejs\node.exe C:\Users\DIADIA DIOUF\AppData\Roaming\npm\node_modules\yarn\bin\yarn.js add @types/express-hbs

PATH: 
  C:\Program Files\Java\jdk1.8.0_45\bin;D:\Master2 GL\Support\ToolsQualiteCode\apache-maven-3.6.1\bin;C:\ORACLEBD\product\11.2.0\dbhome_1\bin;C:\WINDOWS\system32;C:\WINDOWS;C:\Program Files\PostgreSQL;C:\WINDOWS\System32\Wbem;C:\WINDOWS\System32\WindowsPowerShell\v1.0\;C:\WINDOWS\System32\OpenSSH\;C:\laragon\bin\php\php-7.4.19-Win32-vc15-x64;C:\ProgramData\ComposerSetup\bin;C:\wamp64\bin\php\php7.4.26;C:\Program Files\Git\cmd;C:\Users\DIADIA DIOUF\Documents\sonar-scanner-4.6.2.2472-windows\bin;C:\Users\DIADIA DIOUF\AppData\Local\Android\android-sdk;C:\Program Files\Android\Android Studio;C:\Program Files (x86)\mongodb-win32-x86_64-windows-5.0.13\bin;C:\wamp64;C:\Program Files\nodejs\;C:\Users\DIADIA DIOUF\scoop\shims;C:\Users\DIADIA DIOUF\AppData\Local\Programs\Python\Python39\Scripts\;C:\Users\DIADIA DIOUF\AppData\Local\Programs\Python\Python39\;C:\Users\DIADIA DIOUF\AppData\Local\Programs\Python\Python37\Scripts\;C:\Users\DIADIA DIOUF\AppData\Local\Programs\Python\Python37\;C:\Users\DIADIA DIOUF\AppData\Local\Microsoft\WindowsApps;C:\Users\DIADIA DIOUF\AppData\Roaming\Composer\vendor\bin;C:\Users\DIADIA DIOUF\AppData\Local\Programs\Microsoft VS Code\bin;C:\apache-cassandra-3.11.10\bin;C:\src\flutter\flutter\bin;C:\Users\DIADIA DIOUF\AppData\Local\Android\android-sdk;C:\Program Files\PostgreSQL;C:\wamp64;C:\Users\DIADIA DIOUF\AppData\Roaming\npm;C:\Users\DIADIA DIOUF\AppData\Local\Programs\mongosh\

Yarn version: 
  1.22.10

Node version: 
  18.12.1

Platform: 
  win32 x64

Trace: 
  Error: https://registry.yarnpkg.com/@types%2fexpress-hbs: Not found
      at params.callback [as _callback] (C:\Users\DIADIA DIOUF\AppData\Roaming\npm\node_modules\yarn\lib\cli.js:66988:18)
      at self.callback (C:\Users\DIADIA DIOUF\AppData\Roaming\npm\node_modules\yarn\lib\cli.js:140662:22)
      at Request.emit (node:events:513:28)
      at Request.<anonymous> (C:\Users\DIADIA DIOUF\AppData\Roaming\npm\node_modules\yarn\lib\cli.js:141634:10)
      at Request.emit (node:events:513:28)
      at IncomingMessage.<anonymous> (C:\Users\DIADIA DIOUF\AppData\Roaming\npm\node_modules\yarn\lib\cli.js:141556:12)
      at Object.onceWrapper (node:events:627:28)
      at IncomingMessage.emit (node:events:525:35)
      at endReadableNT (node:internal/streams/readable:1359:12)
      at process.processTicksAndRejections (node:internal/process/task_queues:82:21)

npm manifest: 
  {
    "name": "api",
    "version": "1.0.0",
    "description": "",
    "main": "server.js",
    "scripts": {
      "test": "echo \"Error: no test specified\" && exit 1"
    },
    "author": "Diadia Diouf",
    "license": "ISC",
    "dependencies": {
      "body-parser": "^1.20.1",
      "bootstrap": "^5.2.3",
      "express": "^4.18.2",
      "express-handlebars": "^6.0.6",
      "express-hbs": "^2.4.0",
      "mongoose": "^6.7.5",
      "pg-promise": "^10.15.4",
      "postgresql": "^0.0.1"
    }
  }

yarn manifest: 
  No manifest

Lockfile: 
  No lockfile
